2025-11-26 17:38:32.125 [Test worker] INFO  r.c./Database - Updating database structure...
2025-11-26 17:38:32.176 [Test worker @coroutine#1] INFO  r.c./Scheduler - Fetching feed https://e.vnexpress.net/rss/news.rss...
2025-11-26 17:38:34.464 [DefaultDispatcher-worker-20 @coroutine#1] INFO  r.c./Database - Inserting 60 new articles from feed 1...
2025-11-26 17:38:34.482 [DefaultDispatcher-worker-20 @coroutine#1] INFO  r.c./Scheduler - Stored 60 article(s) for https://e.vnexpress.net/rss/news.rss; next run at 2025-11-26T16:43:34.478039900Z
2025-11-26 17:40:44.819 [main @coroutine#1] INFO  rss-crab - Starting rss-crab rss-crab v0.1.0
2025-11-26 17:40:44.824 [main @coroutine#1] INFO  rss-crab - Using configuration from classpath/application.conf
2025-11-26 17:40:45.311 [DefaultDispatcher-worker-1 @coroutine#1] INFO  r.c./Database - Updating database structure...
2025-11-26 17:40:45.330 [DefaultDispatcher-worker-1 @coroutine#1] INFO  r.c./Database - Importing feeds from C:\Dev\rss-crab\feeds.csv...
2025-11-26 17:42:16.458 [DefaultDispatcher-worker-1 @coroutine#1] INFO  r.c./Database - Importing feed https://e.vnexpress.net/rss/news.rss...
2025-11-26 17:42:35.076 [main @coroutine#1] INFO  rss-crab - Found 0 due feed(s)
2025-11-26 17:42:40.096 [main @coroutine#1] INFO  rss-crab - Found 0 due feed(s)
2025-11-26 17:46:06.769 [main @coroutine#1] INFO  rss-crab - Starting rss-crab rss-crab v0.1.0
2025-11-26 17:46:06.774 [main @coroutine#1] INFO  rss-crab - Using configuration from classpath/application.conf
2025-11-26 17:46:07.020 [DefaultDispatcher-worker-1 @coroutine#1] INFO  r.c./Database - Updating database structure...
2025-11-26 17:46:07.037 [main @coroutine#1] INFO  rss-crab - Found 1 due feed(s)
2025-11-26 17:46:07.038 [main @coroutine#1] INFO  rss-crab - Scheduling feed parsing...
2025-11-26 17:46:07.054 [main @coroutine#2] INFO  r.c./Scheduler - Fetching feed https://e.vnexpress.net/rss/news.rss...
2025-11-26 17:46:09.447 [DefaultDispatcher-worker-13 @coroutine#2] INFO  r.c./Database - Inserting 60 new articles from feed 1...
2025-11-26 17:46:09.480 [DefaultDispatcher-worker-13 @coroutine#2] INFO  r.c./Scheduler - Stored 60 article(s) for https://e.vnexpress.net/rss/news.rss; next run at 2025-11-26T17:46:39.462766400Z
2025-11-26 17:46:12.060 [main @coroutine#1] INFO  rss-crab - Found 0 due feed(s)
2025-11-26 17:46:17.078 [main @coroutine#1] INFO  rss-crab - Found 0 due feed(s)
2025-11-26 17:46:22.092 [main @coroutine#1] INFO  rss-crab - Found 0 due feed(s)
2025-11-26 17:46:27.111 [main @coroutine#1] INFO  rss-crab - Found 0 due feed(s)
2025-11-26 17:47:17.867 [main @coroutine#1] INFO  rss-crab - Starting rss-crab rss-crab v0.1.0
2025-11-26 17:47:17.871 [main @coroutine#1] INFO  rss-crab - Using configuration from classpath/application.conf
2025-11-26 17:47:18.197 [DefaultDispatcher-worker-1 @coroutine#1] INFO  r.c./Database - Updating database structure...
